2019-04-23 DEBUG [AWT-EventQueue-0] (DefaultExtensionsRegistry.java:233) - Instantiating extensions registry for jackson.mapping using factory class net.sf.jasperreports.web.util.JacksonMappingExtensionsRegistryFactory
2019-04-23 DEBUG [AWT-EventQueue-0] (DefaultExtensionsRegistry.java:208) - Instantiating registry of type net.sf.jasperreports.extensions.DefaultExtensionsRegistryFactory for property net.sf.jasperreports.extension.registry.factory.default
2019-04-23 DEBUG [AWT-EventQueue-0] (DefaultExtensionsRegistry.java:233) - Instantiating extensions registry for default using factory class net.sf.jasperreports.extensions.DefaultExtensionsRegistryFactory
2019-04-23 DEBUG [AWT-EventQueue-0] (DefaultExtensionsRegistry.java:208) - Instantiating registry of type net.sf.jasperreports.components.ComponentsExtensionsRegistryFactory for property net.sf.jasperreports.extension.registry.factory.components
2019-04-23 DEBUG [AWT-EventQueue-0] (DefaultExtensionsRegistry.java:233) - Instantiating extensions registry for components using factory class net.sf.jasperreports.components.ComponentsExtensionsRegistryFactory
2019-04-23 DEBUG [AWT-EventQueue-0] (DefaultExtensionsRegistry.java:208) - Instantiating registry of type net.sf.jasperreports.components.headertoolbar.HeaderToolbarConditionalStyleProviderExtensionFactory for property net.sf.jasperreports.extension.registry.factory.header.toolbar.style.provider
2019-04-23 DEBUG [AWT-EventQueue-0] (DefaultExtensionsRegistry.java:233) - Instantiating extensions registry for header.toolbar.style.provider using factory class net.sf.jasperreports.components.headertoolbar.HeaderToolbarConditionalStyleProviderExtensionFactory
2019-04-23 DEBUG [AWT-EventQueue-0] (JRBaseFiller.java:356) - Fill 1: created for report name
2019-04-23 DEBUG [AWT-EventQueue-0] (JRFillBand.java:154) - Origin {reportName: null, groupName: null,bandType: BACKGROUND} for band 1468692009
2019-04-23 DEBUG [AWT-EventQueue-0] (JRFillBand.java:154) - Origin {reportName: null, groupName: null,bandType: TITLE} for band 18046155
2019-04-23 DEBUG [AWT-EventQueue-0] (JRFillBand.java:154) - Origin {reportName: null, groupName: null,bandType: PAGE_HEADER} for band 1444829851
2019-04-23 DEBUG [AWT-EventQueue-0] (JRFillBand.java:154) - Origin {reportName: null, groupName: null,bandType: COLUMN_HEADER} for band 166892914
2019-04-23 DEBUG [AWT-EventQueue-0] (JRFillBand.java:154) - Origin {reportName: null, groupName: null,bandType: DETAIL} for band 1085994251
2019-04-23 DEBUG [AWT-EventQueue-0] (JRFillBand.java:154) - Origin {reportName: null, groupName: null,bandType: COLUMN_FOOTER} for band 592693640
2019-04-23 DEBUG [AWT-EventQueue-0] (JRFillBand.java:154) - Origin {reportName: null, groupName: null,bandType: PAGE_FOOTER} for band 1934607138
2019-04-23 DEBUG [AWT-EventQueue-0] (JRFillBand.java:154) - Origin {reportName: null, groupName: null,bandType: SUMMARY} for band 1521131816
2019-04-23 DEBUG [AWT-EventQueue-0] (JRVerticalFiller.java:136) - Filler 1 - pageHeight: 842, columnFooterOffsetY: 723, lastPageColumnFooterOffsetY: 777
2019-04-23 DEBUG [AWT-EventQueue-0] (JRBaseFiller.java:911) - Fill 1: filling report
2019-04-23 DEBUG [AWT-EventQueue-0] (JRFillDataset.java:1107) - Fill 1: Creating sql query executer
2019-04-23 DEBUG [AWT-EventQueue-0] (JRJdbcQueryExecuter.java:254) - SQL query string: Select * from Producto
2019-04-23 DEBUG [AWT-EventQueue-0] (JRBaseFiller.java:1857) - Fill 1: adding page 1
2019-04-23 DEBUG [AWT-EventQueue-0] (JRVerticalFiller.java:340) - Fill 1: title at 20
2019-04-23 DEBUG [AWT-EventQueue-0] (SimpleTextLineWrapper.java:303) - creating element font infos cache of size 2000
2019-04-23 DEBUG [AWT-EventQueue-0] (DeduplicableRegistry.java:85) - Added object net.sf.jasperreports.engine.fill.JRTemplateRectangle@29859193
2019-04-23 DEBUG [AWT-EventQueue-0] (DeduplicableRegistry.java:85) - Added object net.sf.jasperreports.engine.fill.JRTemplateText@532278c8
2019-04-23 DEBUG [AWT-EventQueue-0] (JRFillTextField.java:438) - created net.sf.jasperreports.engine.fill.JRTemplateText@532278c8 for (null, null)
2019-04-23 DEBUG [AWT-EventQueue-0] (JRVerticalFiller.java:416) - Fill 1: page header at 99
2019-04-23 DEBUG [AWT-EventQueue-0] (JRVerticalFiller.java:495) - Fill 1: column header at 134
2019-04-23 DEBUG [AWT-EventQueue-0] (DeduplicableRegistry.java:85) - Added object net.sf.jasperreports.engine.fill.JRTemplateText@502d85ba
2019-04-23 DEBUG [AWT-EventQueue-0] (DeduplicableRegistry.java:92) - Found existing instance net.sf.jasperreports.engine.fill.JRTemplateText@502d85ba for object net.sf.jasperreports.engine.fill.JRTemplateText@1b39ac83
2019-04-23 DEBUG [AWT-EventQueue-0] (DeduplicableRegistry.java:92) - Found existing instance net.sf.jasperreports.engine.fill.JRTemplateText@502d85ba for object net.sf.jasperreports.engine.fill.JRTemplateText@5b3fcffb
2019-04-23 DEBUG [AWT-EventQueue-0] (DeduplicableRegistry.java:92) - Found existing instance net.sf.jasperreports.engine.fill.JRTemplateText@502d85ba for object net.sf.jasperreports.engine.fill.JRTemplateText@6829aee4
2019-04-23 DEBUG [AWT-EventQueue-0] (JRVerticalFiller.java:741) - Fill 1: detail at 157
2019-04-23 DEBUG [AWT-EventQueue-0] (DeduplicableRegistry.java:85) - Added object net.sf.jasperreports.engine.fill.JRTemplateText@193b2e53
2019-04-23 DEBUG [AWT-EventQueue-0] (JRFillTextField.java:438) - created net.sf.jasperreports.engine.fill.JRTemplateText@193b2e53 for (null, {java.lang.Integer, null,null,null,null})
2019-04-23 DEBUG [AWT-EventQueue-0] (DeduplicableRegistry.java:85) - Added object net.sf.jasperreports.engine.fill.JRTemplateText@4ba904ec
2019-04-23 DEBUG [AWT-EventQueue-0] (JRFillTextField.java:438) - created net.sf.jasperreports.engine.fill.JRTemplateText@4ba904ec for (null, null)
2019-04-23 DEBUG [AWT-EventQueue-0] (DeduplicableRegistry.java:92) - Found existing instance net.sf.jasperreports.engine.fill.JRTemplateText@193b2e53 for object net.sf.jasperreports.engine.fill.JRTemplateText@8a3f3ca
2019-04-23 DEBUG [AWT-EventQueue-0] (JRFillTextField.java:438) - created net.sf.jasperreports.engine.fill.JRTemplateText@193b2e53 for (null, {java.lang.Integer, null,null,null,null})
2019-04-23 DEBUG [AWT-EventQueue-0] (DeduplicableRegistry.java:92) - Found existing instance net.sf.jasperreports.engine.fill.JRTemplateText@193b2e53 for object net.sf.jasperreports.engine.fill.JRTemplateText@6cec0b02
2019-04-23 DEBUG [AWT-EventQueue-0] (JRFillTextField.java:438) - created net.sf.jasperreports.engine.fill.JRTemplateText@193b2e53 for (null, {java.lang.Integer, null,null,null,null})
2019-04-23 DEBUG [AWT-EventQueue-0] (JRVerticalFiller.java:741) - Fill 1: detail at 188
2019-04-23 DEBUG [AWT-EventQueue-0] (JRVerticalFiller.java:741) - Fill 1: detail at 219
2019-04-23 DEBUG [AWT-EventQueue-0] (JRVerticalFiller.java:741) - Fill 1: detail at 250
2019-04-23 DEBUG [AWT-EventQueue-0] (JRVerticalFiller.java:741) - Fill 1: detail at 281
2019-04-23 DEBUG [AWT-EventQueue-0] (JRVerticalFiller.java:741) - Fill 1: detail at 312
2019-04-23 DEBUG [AWT-EventQueue-0] (JRVerticalFiller.java:741) - Fill 1: detail at 343
2019-04-23 DEBUG [AWT-EventQueue-0] (JRVerticalFiller.java:741) - Fill 1: detail at 374
2019-04-23 DEBUG [AWT-EventQueue-0] (JRVerticalFiller.java:741) - Fill 1: detail at 405
2019-04-23 DEBUG [AWT-EventQueue-0] (JRVerticalFiller.java:741) - Fill 1: detail at 436
2019-04-23 DEBUG [AWT-EventQueue-0] (JRVerticalFiller.java:741) - Fill 1: detail at 467
2019-04-23 DEBUG [AWT-EventQueue-0] (JRVerticalFiller.java:741) - Fill 1: detail at 498
2019-04-23 DEBUG [AWT-EventQueue-0] (JRVerticalFiller.java:741) - Fill 1: detail at 529
2019-04-23 DEBUG [AWT-EventQueue-0] (JRVerticalFiller.java:741) - Fill 1: detail at 560
2019-04-23 DEBUG [AWT-EventQueue-0] (JRVerticalFiller.java:741) - Fill 1: detail at 591
2019-04-23 DEBUG [AWT-EventQueue-0] (JRVerticalFiller.java:741) - Fill 1: detail at 622
2019-04-23 DEBUG [AWT-EventQueue-0] (JRVerticalFiller.java:741) - Fill 1: detail at 653
2019-04-23 DEBUG [AWT-EventQueue-0] (JRVerticalFiller.java:1052) - Fill 1: summary at 684
2019-04-23 DEBUG [AWT-EventQueue-0] (JRVerticalFiller.java:980) - Fill 1: column footer at 684
2019-04-23 DEBUG [AWT-EventQueue-0] (JRVerticalFiller.java:1026) - Fill 1: page footer at 768
2019-04-23 DEBUG [AWT-EventQueue-0] (JRBaseFiller.java:1857) - Fill 1: adding page 2
2019-04-23 DEBUG [AWT-EventQueue-0] (JRBaseFiller.java:973) - Fill 1: ended
2019-04-23 DEBUG [AWT-EventQueue-0] (JRFillDataset.java:1188) - Fill 1: closing query executer
